<?xml version="1.0" encoding="UTF-8" standalone="no"?>
<!DOCTYPE log SYSTEM "logger.dtd">
<log>
<record>
  <date>2023-05-12T07:30:14.048237Z</date>
  <millis>1683876614048</millis>
  <nanos>237000</nanos>
  <sequence>0</sequence>
  <logger>server.Log</logger>
  <level>INFO</level>
  <class>server.Connections.Connection</class>
  <method>start</method>
  <thread>1</thread>
  <message>Server started datagram channel: sun.nio.ch.DatagramChannelImpl@401e7803</message>
</record>
<record>
  <date>2023-05-12T07:30:17.600932900Z</date>
  <millis>1683876617600</millis>
  <nanos>932900</nanos>
  <sequence>1</sequence>
  <logger>server.Log</logger>
  <level>INFO</level>
  <class>server.Connections.ServerHandler</class>
  <method>run</method>
  <thread>18</thread>
  <message>Cached Pool got new submit</message>
</record>
<record>
  <date>2023-05-12T07:30:17.613467300Z</date>
  <millis>1683876617613</millis>
  <nanos>467300</nanos>
  <sequence>2</sequence>
  <logger>server.Log</logger>
  <level>INFO</level>
  <class>Command.CommandExecutor</class>
  <method>execute</method>
  <thread>18</thread>
  <message>Received command Command.Commands.Help@186c34bc from /172.28.92.254:49666</message>
</record>
<record>
  <date>2023-05-12T07:30:17.621473500Z</date>
  <millis>1683876617621</millis>
  <nanos>473500</nanos>
  <sequence>3</sequence>
  <logger>server.Log</logger>
  <level>INFO</level>
  <class>Command.CommandExecutor</class>
  <method>execute</method>
  <thread>18</thread>
  <message>Sending 3 chunks to /172.28.92.254:49666</message>
</record>
<record>
  <date>2023-05-12T07:30:25.259759600Z</date>
  <millis>1683876625259</millis>
  <nanos>759600</nanos>
  <sequence>4</sequence>
  <logger>server.Log</logger>
  <level>INFO</level>
  <class>server.Connections.ServerHandler</class>
  <method>run</method>
  <thread>18</thread>
  <message>Cached Pool got new submit</message>
</record>
<record>
  <date>2023-05-12T07:30:25.259759600Z</date>
  <millis>1683876625259</millis>
  <nanos>759600</nanos>
  <sequence>5</sequence>
  <logger>server.Log</logger>
  <level>INFO</level>
  <class>Command.CommandExecutor</class>
  <method>execute</method>
  <thread>18</thread>
  <message>Sending 1 chunks to /172.28.92.254:49666</message>
</record>
</log>
